mode: set
github.com/andreiOpran/licenta/operational-node/internal/clients/python_client.go:14.43,20.16 4 0
github.com/andreiOpran/licenta/operational-node/internal/clients/python_client.go:20.16,22.3 1 0
github.com/andreiOpran/licenta/operational-node/internal/clients/python_client.go:23.2,26.16 3 0
github.com/andreiOpran/licenta/operational-node/internal/clients/python_client.go:26.16,28.3 1 0
github.com/andreiOpran/licenta/operational-node/internal/clients/python_client.go:29.2,32.16 3 0
github.com/andreiOpran/licenta/operational-node/internal/clients/python_client.go:32.16,34.3 1 0
github.com/andreiOpran/licenta/operational-node/internal/clients/python_client.go:36.2,36.53 1 0
github.com/andreiOpran/licenta/operational-node/internal/clients/python_client.go:36.53,38.3 1 0
github.com/andreiOpran/licenta/operational-node/internal/clients/python_client.go:40.2,40.18 1 0
github.com/andreiOpran/licenta/operational-node/internal/config/config.go:44.19,47.40 2 0
github.com/andreiOpran/licenta/operational-node/internal/config/config.go:47.40,49.3 1 0
github.com/andreiOpran/licenta/operational-node/internal/database/db.go:17.15,20.15 2 0
github.com/andreiOpran/licenta/operational-node/internal/database/db.go:20.15,22.3 1 0
github.com/andreiOpran/licenta/operational-node/internal/database/db.go:24.2,26.16 3 0
github.com/andreiOpran/licenta/operational-node/internal/database/db.go:26.16,28.3 1 0
github.com/andreiOpran/licenta/operational-node/internal/database/db.go:30.2,42.16 2 0
github.com/andreiOpran/licenta/operational-node/internal/database/db.go:42.16,44.3 1 0
github.com/andreiOpran/licenta/operational-node/internal/database/db.go:46.2,50.16 3 0
github.com/andreiOpran/licenta/operational-node/internal/database/db.go:50.16,54.3 3 0
github.com/andreiOpran/licenta/operational-node/internal/jobs/cron_cleanup.go:15.29,22.16 3 0
github.com/andreiOpran/licenta/operational-node/internal/jobs/cron_cleanup.go:22.16,24.3 1 0
github.com/andreiOpran/licenta/operational-node/internal/jobs/cron_cleanup.go:26.2,27.65 2 0
github.com/andreiOpran/licenta/operational-node/internal/jobs/cron_cleanup.go:31.28,40.16 5 0
github.com/andreiOpran/licenta/operational-node/internal/jobs/cron_cleanup.go:40.16,42.3 1 0
github.com/andreiOpran/licenta/operational-node/internal/jobs/cron_cleanup.go:42.8,42.29 1 0
github.com/andreiOpran/licenta/operational-node/internal/jobs/cron_cleanup.go:42.29,44.3 1 0
github.com/andreiOpran/licenta/operational-node/internal/jobs/cron_cleanup.go:44.8,46.3 1 0
github.com/andreiOpran/licenta/operational-node/internal/jobs/cron_cleanup.go:49.2,52.6 3 0
github.com/andreiOpran/licenta/operational-node/internal/jobs/cron_cleanup.go:52.6,55.17 2 0
github.com/andreiOpran/licenta/operational-node/internal/jobs/cron_cleanup.go:55.17,57.9 2 0
github.com/andreiOpran/licenta/operational-node/internal/jobs/cron_cleanup.go:60.3,63.33 2 0
github.com/andreiOpran/licenta/operational-node/internal/jobs/cron_cleanup.go:63.33,64.9 1 0
github.com/andreiOpran/licenta/operational-node/internal/jobs/cron_cleanup.go:68.3,68.40 1 0
github.com/andreiOpran/licenta/operational-node/internal/jobs/cron_cleanup.go:71.2,71.22 1 0
github.com/andreiOpran/licenta/operational-node/internal/jobs/cron_cleanup.go:71.22,73.3 1 0
github.com/andreiOpran/licenta/operational-node/internal/jobs/cron_cleanup.go:73.8,75.3 1 0
github.com/andreiOpran/licenta/operational-node/internal/middleware/cors.go:13.39,22.2 1 0
github.com/andreiOpran/licenta/operational-node/internal/middleware/jwt_auth.go:14.39,15.30 1 0
github.com/andreiOpran/licenta/operational-node/internal/middleware/jwt_auth.go:15.30,18.23 2 0
github.com/andreiOpran/licenta/operational-node/internal/middleware/jwt_auth.go:18.23,21.4 2 0
github.com/andreiOpran/licenta/operational-node/internal/middleware/jwt_auth.go:25.3,26.59 2 0
github.com/andreiOpran/licenta/operational-node/internal/middleware/jwt_auth.go:26.59,28.4 1 0
github.com/andreiOpran/licenta/operational-node/internal/middleware/jwt_auth.go:28.9,31.4 2 0
github.com/andreiOpran/licenta/operational-node/internal/middleware/jwt_auth.go:34.3,35.101 2 0
github.com/andreiOpran/licenta/operational-node/internal/middleware/jwt_auth.go:35.101,37.55 1 0
github.com/andreiOpran/licenta/operational-node/internal/middleware/jwt_auth.go:37.55,39.5 1 0
github.com/andreiOpran/licenta/operational-node/internal/middleware/jwt_auth.go:40.4,40.44 1 0
github.com/andreiOpran/licenta/operational-node/internal/middleware/jwt_auth.go:43.3,43.36 1 0
github.com/andreiOpran/licenta/operational-node/internal/middleware/jwt_auth.go:43.36,46.4 2 0
github.com/andreiOpran/licenta/operational-node/internal/middleware/jwt_auth.go:49.3,52.11 2 0
github.com/andreiOpran/licenta/operational-node/internal/middleware/security_headers.go:8.50,9.30 1 0
github.com/andreiOpran/licenta/operational-node/internal/middleware/security_headers.go:9.30,18.3 4 0
github.com/andreiOpran/licenta/operational-node/internal/mailer/smtp.go:25.79,37.16 5 0
github.com/andreiOpran/licenta/operational-node/internal/mailer/smtp.go:37.16,39.3 1 0
github.com/andreiOpran/licenta/operational-node/internal/mailer/smtp.go:41.2,41.12 1 0
github.com/andreiOpran/licenta/operational-node/internal/mailer/smtp.go:45.35,53.2 1 0
github.com/andreiOpran/licenta/operational-node/internal/mailer/smtp.go:57.20,59.2 1 0
github.com/andreiOpran/licenta/operational-node/internal/mailer/templates.go:15.87,17.16 2 0
github.com/andreiOpran/licenta/operational-node/internal/mailer/templates.go:17.16,19.3 1 0
github.com/andreiOpran/licenta/operational-node/internal/mailer/templates.go:21.2,22.49 2 0
github.com/andreiOpran/licenta/operational-node/internal/mailer/templates.go:22.49,24.3 1 0
github.com/andreiOpran/licenta/operational-node/internal/mailer/templates.go:26.2,32.21 5 0
github.com/andreiOpran/licenta/operational-node/internal/mailer/templates.go:32.21,36.3 2 0
github.com/andreiOpran/licenta/operational-node/internal/mailer/templates.go:37.2,37.21 1 0
github.com/andreiOpran/licenta/operational-node/internal/mailer/templates.go:37.21,39.3 1 0
github.com/andreiOpran/licenta/operational-node/internal/mailer/templates.go:41.2,41.27 1 0
github.com/andreiOpran/licenta/operational-node/internal/mocks/repomocks/auth_repository_mock.go:16.82,18.24 2 0
github.com/andreiOpran/licenta/operational-node/internal/mocks/repomocks/auth_repository_mock.go:18.24,20.3 1 0
github.com/andreiOpran/licenta/operational-node/internal/mocks/repomocks/auth_repository_mock.go:21.2,21.27 1 0
github.com/andreiOpran/licenta/operational-node/internal/mocks/repomocks/auth_repository_mock.go:24.66,27.2 2 0
github.com/andreiOpran/licenta/operational-node/internal/mocks/repomocks/auth_repository_mock.go:29.81,32.2 2 0
github.com/andreiOpran/licenta/operational-node/internal/mocks/repomocks/auth_repository_mock.go:34.103,36.24 2 0
github.com/andreiOpran/licenta/operational-node/internal/mocks/repomocks/auth_repository_mock.go:36.24,38.3 1 0
github.com/andreiOpran/licenta/operational-node/internal/mocks/repomocks/auth_repository_mock.go:39.2,39.27 1 0
github.com/andreiOpran/licenta/operational-node/internal/mocks/repomocks/auth_repository_mock.go:42.81,45.2 2 0
github.com/andreiOpran/licenta/operational-node/internal/mocks/repomocks/auth_repository_mock.go:47.77,50.2 2 0
github.com/andreiOpran/licenta/operational-node/internal/mocks/repomocks/auth_repository_mock.go:52.95,54.24 2 0
github.com/andreiOpran/licenta/operational-node/internal/mocks/repomocks/auth_repository_mock.go:54.24,56.3 1 0
github.com/andreiOpran/licenta/operational-node/internal/mocks/repomocks/auth_repository_mock.go:57.2,57.27 1 0
github.com/andreiOpran/licenta/operational-node/internal/mocks/repomocks/auth_repository_mock.go:60.76,63.2 2 0
github.com/andreiOpran/licenta/operational-node/internal/mocks/repomocks/auth_repository_mock.go:65.75,68.2 2 0
github.com/andreiOpran/licenta/operational-node/internal/mocks/repomocks/auth_repository_mock.go:70.108,73.2 2 0
github.com/andreiOpran/licenta/operational-node/internal/mocks/repomocks/auth_repository_mock.go:75.75,78.2 2 0
github.com/andreiOpran/licenta/operational-node/internal/mocks/repomocks/auth_repository_mock.go:80.78,83.2 2 0
github.com/andreiOpran/licenta/operational-node/internal/mocks/repomocks/auth_repository_mock.go:85.99,88.2 2 0
github.com/andreiOpran/licenta/operational-node/internal/mocks/repomocks/user_repository_mock.go:14.74,16.24 2 0
github.com/andreiOpran/licenta/operational-node/internal/mocks/repomocks/user_repository_mock.go:16.24,18.3 1 0
github.com/andreiOpran/licenta/operational-node/internal/mocks/repomocks/user_repository_mock.go:19.2,19.27 1 0
github.com/andreiOpran/licenta/operational-node/internal/mocks/repomocks/user_repository_mock.go:22.84,24.24 2 0
github.com/andreiOpran/licenta/operational-node/internal/mocks/repomocks/user_repository_mock.go:24.24,26.3 1 0
github.com/andreiOpran/licenta/operational-node/internal/mocks/repomocks/user_repository_mock.go:27.2,27.27 1 0
github.com/andreiOpran/licenta/operational-node/internal/mocks/repomocks/user_repository_mock.go:30.60,33.2 2 0
github.com/andreiOpran/licenta/operational-node/internal/mocks/repomocks/user_repository_mock.go:35.82,38.2 2 0
github.com/andreiOpran/licenta/operational-node/internal/mocks/repomocks/user_repository_mock.go:40.86,42.24 2 0
github.com/andreiOpran/licenta/operational-node/internal/mocks/repomocks/user_repository_mock.go:42.24,44.3 1 0
github.com/andreiOpran/licenta/operational-node/internal/mocks/repomocks/user_repository_mock.go:45.2,45.27 1 0
github.com/andreiOpran/licenta/operational-node/internal/router/routes.go:14.33,39.2 15 0
github.com/andreiOpran/licenta/operational-node/internal/router/routes.go:39.2,52.3 11 0
github.com/andreiOpran/licenta/operational-node/internal/router/routes.go:52.3,58.4 5 0
github.com/andreiOpran/licenta/operational-node/internal/repositories/auth_repository.go:32.52,34.2 1 0
github.com/andreiOpran/licenta/operational-node/internal/repositories/auth_repository.go:36.78,40.2 3 0
github.com/andreiOpran/licenta/operational-node/internal/repositories/auth_repository.go:42.62,44.2 1 0
github.com/andreiOpran/licenta/operational-node/internal/repositories/auth_repository.go:46.77,48.2 1 0
github.com/andreiOpran/licenta/operational-node/internal/repositories/auth_repository.go:50.99,54.2 3 0
github.com/andreiOpran/licenta/operational-node/internal/repositories/auth_repository.go:56.77,58.2 1 0
github.com/andreiOpran/licenta/operational-node/internal/repositories/auth_repository.go:61.73,64.113 2 0
github.com/andreiOpran/licenta/operational-node/internal/repositories/auth_repository.go:64.113,67.3 2 0
github.com/andreiOpran/licenta/operational-node/internal/repositories/auth_repository.go:69.2,69.72 1 0
github.com/andreiOpran/licenta/operational-node/internal/repositories/auth_repository.go:69.72,72.3 2 0
github.com/andreiOpran/licenta/operational-node/internal/repositories/auth_repository.go:74.2,74.26 1 0
github.com/andreiOpran/licenta/operational-node/internal/repositories/auth_repository.go:77.91,81.2 3 0
github.com/andreiOpran/licenta/operational-node/internal/repositories/auth_repository.go:83.72,85.2 1 0
github.com/andreiOpran/licenta/operational-node/internal/repositories/auth_repository.go:87.71,89.2 1 0
github.com/andreiOpran/licenta/operational-node/internal/repositories/auth_repository.go:91.104,96.2 2 0
github.com/andreiOpran/licenta/operational-node/internal/repositories/auth_repository.go:98.71,100.2 1 0
github.com/andreiOpran/licenta/operational-node/internal/repositories/auth_repository.go:102.74,104.2 1 0
github.com/andreiOpran/licenta/operational-node/internal/repositories/auth_repository.go:107.95,110.111 2 0
github.com/andreiOpran/licenta/operational-node/internal/repositories/auth_repository.go:110.111,113.3 2 0
github.com/andreiOpran/licenta/operational-node/internal/repositories/auth_repository.go:115.2,115.72 1 0
github.com/andreiOpran/licenta/operational-node/internal/repositories/auth_repository.go:115.72,118.3 2 0
github.com/andreiOpran/licenta/operational-node/internal/repositories/auth_repository.go:120.2,120.88 1 0
github.com/andreiOpran/licenta/operational-node/internal/repositories/auth_repository.go:120.88,123.3 2 0
github.com/andreiOpran/licenta/operational-node/internal/repositories/auth_repository.go:125.2,125.26 1 0
github.com/andreiOpran/licenta/operational-node/internal/repositories/cleanup_repository.go:21.58,23.2 1 0
github.com/andreiOpran/licenta/operational-node/internal/repositories/cleanup_repository.go:25.85,28.2 2 0
github.com/andreiOpran/licenta/operational-node/internal/repositories/cleanup_repository.go:30.101,35.2 3 0
github.com/andreiOpran/licenta/operational-node/internal/repositories/user_repository.go:22.52,24.2 1 0
github.com/andreiOpran/licenta/operational-node/internal/repositories/user_repository.go:26.70,30.2 3 0
github.com/andreiOpran/licenta/operational-node/internal/repositories/user_repository.go:32.80,37.2 3 0
github.com/andreiOpran/licenta/operational-node/internal/repositories/user_repository.go:39.56,41.2 1 0
github.com/andreiOpran/licenta/operational-node/internal/repositories/user_repository.go:43.78,48.2 1 0
github.com/andreiOpran/licenta/operational-node/internal/repositories/user_repository.go:50.82,54.2 3 0
github.com/andreiOpran/licenta/operational-node/internal/mocks/servicemocks/auth_service_mock.go:15.74,18.2 2 0
github.com/andreiOpran/licenta/operational-node/internal/mocks/servicemocks/auth_service_mock.go:20.65,23.2 2 0
github.com/andreiOpran/licenta/operational-node/internal/mocks/servicemocks/auth_service_mock.go:25.120,27.24 2 0
github.com/andreiOpran/licenta/operational-node/internal/mocks/servicemocks/auth_service_mock.go:27.24,29.3 1 0
github.com/andreiOpran/licenta/operational-node/internal/mocks/servicemocks/auth_service_mock.go:30.2,30.27 1 0
github.com/andreiOpran/licenta/operational-node/internal/mocks/servicemocks/auth_service_mock.go:33.117,36.2 2 0
github.com/andreiOpran/licenta/operational-node/internal/mocks/servicemocks/auth_service_mock.go:38.109,41.2 2 0
github.com/andreiOpran/licenta/operational-node/internal/mocks/servicemocks/auth_service_mock.go:43.65,46.2 2 0
github.com/andreiOpran/licenta/operational-node/internal/mocks/servicemocks/auth_service_mock.go:48.62,51.2 2 0
github.com/andreiOpran/licenta/operational-node/internal/mocks/servicemocks/auth_service_mock.go:53.77,56.2 2 0
github.com/andreiOpran/licenta/operational-node/internal/mocks/servicemocks/security_service_mock.go:12.85,15.2 2 0
github.com/andreiOpran/licenta/operational-node/internal/mocks/servicemocks/security_service_mock.go:17.74,20.2 2 0
github.com/andreiOpran/licenta/operational-node/internal/mocks/servicemocks/user_service_mock.go:14.77,16.24 2 0
github.com/andreiOpran/licenta/operational-node/internal/mocks/servicemocks/user_service_mock.go:16.24,18.3 1 0
github.com/andreiOpran/licenta/operational-node/internal/mocks/servicemocks/user_service_mock.go:19.2,19.27 1 0
github.com/andreiOpran/licenta/operational-node/internal/mocks/servicemocks/user_service_mock.go:22.97,25.2 2 0
github.com/andreiOpran/licenta/operational-node/internal/mocks/servicemocks/user_service_mock.go:27.86,30.2 2 0
github.com/andreiOpran/licenta/operational-node/internal/handlers/auth_handler.go:17.68,21.2 1 1
github.com/andreiOpran/licenta/operational-node/internal/handlers/auth_handler.go:24.55,26.47 2 1
github.com/andreiOpran/licenta/operational-node/internal/handlers/auth_handler.go:26.47,29.3 2 0
github.com/andreiOpran/licenta/operational-node/internal/handlers/auth_handler.go:31.2,32.16 2 1
github.com/andreiOpran/licenta/operational-node/internal/handlers/auth_handler.go:32.16,33.46 1 1
github.com/andreiOpran/licenta/operational-node/internal/handlers/auth_handler.go:33.46,36.4 2 1
github.com/andreiOpran/licenta/operational-node/internal/handlers/auth_handler.go:37.3,38.9 2 0
github.com/andreiOpran/licenta/operational-node/internal/handlers/auth_handler.go:42.2,44.4 1 1
github.com/andreiOpran/licenta/operational-node/internal/handlers/auth_handler.go:48.58,50.23 2 1
github.com/andreiOpran/licenta/operational-node/internal/handlers/auth_handler.go:50.23,53.3 2 1
github.com/andreiOpran/licenta/operational-node/internal/handlers/auth_handler.go:55.2,56.16 2 1
github.com/andreiOpran/licenta/operational-node/internal/handlers/auth_handler.go:56.16,57.47 1 0
github.com/andreiOpran/licenta/operational-node/internal/handlers/auth_handler.go:57.47,60.4 2 0
github.com/andreiOpran/licenta/operational-node/internal/handlers/auth_handler.go:61.3,62.9 2 0
github.com/andreiOpran/licenta/operational-node/internal/handlers/auth_handler.go:65.2,65.93 1 1
github.com/andreiOpran/licenta/operational-node/internal/handlers/auth_handler.go:69.52,71.47 2 1
github.com/andreiOpran/licenta/operational-node/internal/handlers/auth_handler.go:71.47,74.3 2 0
github.com/andreiOpran/licenta/operational-node/internal/handlers/auth_handler.go:76.2,77.16 2 1
github.com/andreiOpran/licenta/operational-node/internal/handlers/auth_handler.go:77.16,78.53 1 1
github.com/andreiOpran/licenta/operational-node/internal/handlers/auth_handler.go:78.53,81.4 2 1
github.com/andreiOpran/licenta/operational-node/internal/handlers/auth_handler.go:82.3,83.9 2 0
github.com/andreiOpran/licenta/operational-node/internal/handlers/auth_handler.go:87.2,87.24 1 1
github.com/andreiOpran/licenta/operational-node/internal/handlers/auth_handler.go:87.24,94.3 2 1
github.com/andreiOpran/licenta/operational-node/internal/handlers/auth_handler.go:96.2,100.4 1 1
github.com/andreiOpran/licenta/operational-node/internal/handlers/auth_handler.go:104.53,106.47 2 1
github.com/andreiOpran/licenta/operational-node/internal/handlers/auth_handler.go:106.47,109.3 2 0
github.com/andreiOpran/licenta/operational-node/internal/handlers/auth_handler.go:111.2,113.68 2 1
github.com/andreiOpran/licenta/operational-node/internal/handlers/auth_handler.go:117.56,119.47 2 1
github.com/andreiOpran/licenta/operational-node/internal/handlers/auth_handler.go:119.47,122.3 2 1
github.com/andreiOpran/licenta/operational-node/internal/handlers/auth_handler.go:124.2,125.16 2 1
github.com/andreiOpran/licenta/operational-node/internal/handlers/auth_handler.go:125.16,126.53 1 0
github.com/andreiOpran/licenta/operational-node/internal/handlers/auth_handler.go:126.53,129.4 2 0
github.com/andreiOpran/licenta/operational-node/internal/handlers/auth_handler.go:130.3,130.48 1 0
github.com/andreiOpran/licenta/operational-node/internal/handlers/auth_handler.go:130.48,133.4 2 0
github.com/andreiOpran/licenta/operational-node/internal/handlers/auth_handler.go:134.3,134.50 1 0
github.com/andreiOpran/licenta/operational-node/internal/handlers/auth_handler.go:134.50,137.4 2 0
github.com/andreiOpran/licenta/operational-node/internal/handlers/auth_handler.go:138.3,139.9 2 0
github.com/andreiOpran/licenta/operational-node/internal/handlers/auth_handler.go:142.2,146.4 1 1
github.com/andreiOpran/licenta/operational-node/internal/handlers/auth_handler.go:150.59,152.47 2 1
github.com/andreiOpran/licenta/operational-node/internal/handlers/auth_handler.go:152.47,155.3 2 1
github.com/andreiOpran/licenta/operational-node/internal/handlers/auth_handler.go:157.2,158.16 2 1
github.com/andreiOpran/licenta/operational-node/internal/handlers/auth_handler.go:158.16,159.91 1 0
github.com/andreiOpran/licenta/operational-node/internal/handlers/auth_handler.go:159.91,162.4 2 0
github.com/andreiOpran/licenta/operational-node/internal/handlers/auth_handler.go:163.3,163.53 1 0
github.com/andreiOpran/licenta/operational-node/internal/handlers/auth_handler.go:163.53,168.4 2 0
github.com/andreiOpran/licenta/operational-node/internal/handlers/auth_handler.go:169.3,169.52 1 0
github.com/andreiOpran/licenta/operational-node/internal/handlers/auth_handler.go:169.52,172.4 2 0
github.com/andreiOpran/licenta/operational-node/internal/handlers/auth_handler.go:173.3,174.9 2 0
github.com/andreiOpran/licenta/operational-node/internal/handlers/auth_handler.go:177.2,180.4 1 1
github.com/andreiOpran/licenta/operational-node/internal/handlers/auth_handler.go:184.61,186.47 2 1
github.com/andreiOpran/licenta/operational-node/internal/handlers/auth_handler.go:186.47,189.3 2 0
github.com/andreiOpran/licenta/operational-node/internal/handlers/auth_handler.go:191.2,193.119 2 1
github.com/andreiOpran/licenta/operational-node/internal/handlers/auth_handler.go:197.60,199.47 2 1
github.com/andreiOpran/licenta/operational-node/internal/handlers/auth_handler.go:199.47,202.3 2 1
github.com/andreiOpran/licenta/operational-node/internal/handlers/auth_handler.go:204.2,205.16 2 1
github.com/andreiOpran/licenta/operational-node/internal/handlers/auth_handler.go:205.16,206.47 1 0
github.com/andreiOpran/licenta/operational-node/internal/handlers/auth_handler.go:206.47,209.4 2 0
github.com/andreiOpran/licenta/operational-node/internal/handlers/auth_handler.go:210.3,210.47 1 0
github.com/andreiOpran/licenta/operational-node/internal/handlers/auth_handler.go:210.47,213.4 2 0
github.com/andreiOpran/licenta/operational-node/internal/handlers/auth_handler.go:214.3,215.9 2 0
github.com/andreiOpran/licenta/operational-node/internal/handlers/auth_handler.go:218.2,218.116 1 1
github.com/andreiOpran/licenta/operational-node/internal/handlers/security_handler.go:17.84,21.2 1 1
github.com/andreiOpran/licenta/operational-node/internal/handlers/security_handler.go:24.59,28.16 3 1
github.com/andreiOpran/licenta/operational-node/internal/handlers/security_handler.go:28.16,29.47 1 1
github.com/andreiOpran/licenta/operational-node/internal/handlers/security_handler.go:29.47,32.4 2 0
github.com/andreiOpran/licenta/operational-node/internal/handlers/security_handler.go:33.3,33.52 1 1
github.com/andreiOpran/licenta/operational-node/internal/handlers/security_handler.go:33.52,36.4 2 1
github.com/andreiOpran/licenta/operational-node/internal/handlers/security_handler.go:37.3,38.9 2 0
github.com/andreiOpran/licenta/operational-node/internal/handlers/security_handler.go:41.2,46.4 1 1
github.com/andreiOpran/licenta/operational-node/internal/handlers/security_handler.go:50.60,52.47 2 1
github.com/andreiOpran/licenta/operational-node/internal/handlers/security_handler.go:52.47,55.3 2 0
github.com/andreiOpran/licenta/operational-node/internal/handlers/security_handler.go:57.2,59.16 3 1
github.com/andreiOpran/licenta/operational-node/internal/handlers/security_handler.go:59.16,60.47 1 1
github.com/andreiOpran/licenta/operational-node/internal/handlers/security_handler.go:60.47,63.4 2 0
github.com/andreiOpran/licenta/operational-node/internal/handlers/security_handler.go:64.3,64.52 1 1
github.com/andreiOpran/licenta/operational-node/internal/handlers/security_handler.go:64.52,67.4 2 0
github.com/andreiOpran/licenta/operational-node/internal/handlers/security_handler.go:68.3,68.50 1 1
github.com/andreiOpran/licenta/operational-node/internal/handlers/security_handler.go:68.50,71.4 2 1
github.com/andreiOpran/licenta/operational-node/internal/handlers/security_handler.go:72.3,73.9 2 0
github.com/andreiOpran/licenta/operational-node/internal/handlers/security_handler.go:76.2,76.69 1 1
github.com/andreiOpran/licenta/operational-node/internal/handlers/user_handler.go:20.68,24.2 1 1
github.com/andreiOpran/licenta/operational-node/internal/handlers/user_handler.go:27.34,29.2 1 0
github.com/andreiOpran/licenta/operational-node/internal/handlers/user_handler.go:32.36,37.2 1 0
github.com/andreiOpran/licenta/operational-node/internal/handlers/user_handler.go:40.39,43.16 3 0
github.com/andreiOpran/licenta/operational-node/internal/handlers/user_handler.go:43.16,46.3 2 0
github.com/andreiOpran/licenta/operational-node/internal/handlers/user_handler.go:47.2,47.63 1 0
github.com/andreiOpran/licenta/operational-node/internal/handlers/user_handler.go:51.48,54.16 2 0
github.com/andreiOpran/licenta/operational-node/internal/handlers/user_handler.go:54.16,57.3 2 0
github.com/andreiOpran/licenta/operational-node/internal/handlers/user_handler.go:59.2,59.49 1 0
github.com/andreiOpran/licenta/operational-node/internal/handlers/user_handler.go:63.54,67.16 3 1
github.com/andreiOpran/licenta/operational-node/internal/handlers/user_handler.go:67.16,68.47 1 1
github.com/andreiOpran/licenta/operational-node/internal/handlers/user_handler.go:68.47,71.4 2 1
github.com/andreiOpran/licenta/operational-node/internal/handlers/user_handler.go:72.3,73.9 2 0
github.com/andreiOpran/licenta/operational-node/internal/handlers/user_handler.go:76.2,82.4 1 1
github.com/andreiOpran/licenta/operational-node/internal/handlers/user_handler.go:86.60,88.47 2 1
github.com/andreiOpran/licenta/operational-node/internal/handlers/user_handler.go:88.47,91.3 2 1
github.com/andreiOpran/licenta/operational-node/internal/handlers/user_handler.go:93.2,96.16 3 1
github.com/andreiOpran/licenta/operational-node/internal/handlers/user_handler.go:96.16,97.47 1 0
github.com/andreiOpran/licenta/operational-node/internal/handlers/user_handler.go:97.47,100.4 2 0
github.com/andreiOpran/licenta/operational-node/internal/handlers/user_handler.go:101.3,102.9 2 0
github.com/andreiOpran/licenta/operational-node/internal/handlers/user_handler.go:105.2,105.84 1 1
github.com/andreiOpran/licenta/operational-node/internal/handlers/user_handler.go:109.54,111.47 2 1
github.com/andreiOpran/licenta/operational-node/internal/handlers/user_handler.go:111.47,114.3 2 0
github.com/andreiOpran/licenta/operational-node/internal/handlers/user_handler.go:116.2,118.16 3 1
github.com/andreiOpran/licenta/operational-node/internal/handlers/user_handler.go:118.16,119.47 1 0
github.com/andreiOpran/licenta/operational-node/internal/handlers/user_handler.go:119.47,122.4 2 0
github.com/andreiOpran/licenta/operational-node/internal/handlers/user_handler.go:123.3,124.9 2 0
github.com/andreiOpran/licenta/operational-node/internal/handlers/user_handler.go:127.2,131.4 1 1
github.com/andreiOpran/licenta/operational-node/internal/services/auth_service.go:35.71,39.2 1 1
github.com/andreiOpran/licenta/operational-node/internal/services/auth_service.go:48.70,51.16 2 1
github.com/andreiOpran/licenta/operational-node/internal/services/auth_service.go:51.16,53.3 1 0
github.com/andreiOpran/licenta/operational-node/internal/services/auth_service.go:56.2,60.16 3 1
github.com/andreiOpran/licenta/operational-node/internal/services/auth_service.go:60.16,64.3 2 1
github.com/andreiOpran/licenta/operational-node/internal/services/auth_service.go:68.2,77.53 2 1
github.com/andreiOpran/licenta/operational-node/internal/services/auth_service.go:77.53,79.3 1 0
github.com/andreiOpran/licenta/operational-node/internal/services/auth_service.go:82.2,83.16 2 1
github.com/andreiOpran/licenta/operational-node/internal/services/auth_service.go:83.16,85.3 1 0
github.com/andreiOpran/licenta/operational-node/internal/services/auth_service.go:87.2,95.67 2 1
github.com/andreiOpran/licenta/operational-node/internal/services/auth_service.go:95.67,97.3 1 0
github.com/andreiOpran/licenta/operational-node/internal/services/auth_service.go:100.2,104.20 4 1
github.com/andreiOpran/licenta/operational-node/internal/services/auth_service.go:104.20,106.13 1 1
github.com/andreiOpran/licenta/operational-node/internal/services/auth_service.go:106.13,108.4 1 1
github.com/andreiOpran/licenta/operational-node/internal/services/auth_service.go:111.2,111.12 1 1
github.com/andreiOpran/licenta/operational-node/internal/services/auth_service.go:114.61,117.16 2 1
github.com/andreiOpran/licenta/operational-node/internal/services/auth_service.go:117.16,119.3 1 1
github.com/andreiOpran/licenta/operational-node/internal/services/auth_service.go:122.2,122.45 1 1
github.com/andreiOpran/licenta/operational-node/internal/services/auth_service.go:122.45,126.3 2 1
github.com/andreiOpran/licenta/operational-node/internal/services/auth_service.go:129.2,129.85 1 1
github.com/andreiOpran/licenta/operational-node/internal/services/auth_service.go:129.85,131.3 1 0
github.com/andreiOpran/licenta/operational-node/internal/services/auth_service.go:133.2,133.12 1 1
github.com/andreiOpran/licenta/operational-node/internal/services/auth_service.go:136.107,142.16 3 1
github.com/andreiOpran/licenta/operational-node/internal/services/auth_service.go:142.16,143.96 1 1
github.com/andreiOpran/licenta/operational-node/internal/services/auth_service.go:143.96,146.4 1 0
github.com/andreiOpran/licenta/operational-node/internal/services/auth_service.go:150.3,150.28 1 1
github.com/andreiOpran/licenta/operational-node/internal/services/auth_service.go:150.28,152.4 1 0
github.com/andreiOpran/licenta/operational-node/internal/services/auth_service.go:153.8,159.3 3 1
github.com/andreiOpran/licenta/operational-node/internal/services/auth_service.go:162.2,162.28 1 1
github.com/andreiOpran/licenta/operational-node/internal/services/auth_service.go:162.28,164.3 1 1
github.com/andreiOpran/licenta/operational-node/internal/services/auth_service.go:168.2,169.16 2 1
github.com/andreiOpran/licenta/operational-node/internal/services/auth_service.go:169.16,171.3 1 0
github.com/andreiOpran/licenta/operational-node/internal/services/auth_service.go:174.2,183.59 2 1
github.com/andreiOpran/licenta/operational-node/internal/services/auth_service.go:183.59,185.3 1 0
github.com/andreiOpran/licenta/operational-node/internal/services/auth_service.go:187.2,191.8 1 1
github.com/andreiOpran/licenta/operational-node/internal/services/auth_service.go:194.113,197.16 2 1
github.com/andreiOpran/licenta/operational-node/internal/services/auth_service.go:197.16,199.3 1 1
github.com/andreiOpran/licenta/operational-node/internal/services/auth_service.go:201.2,201.95 1 1
github.com/andreiOpran/licenta/operational-node/internal/services/auth_service.go:201.95,203.3 1 0
github.com/andreiOpran/licenta/operational-node/internal/services/auth_service.go:205.2,205.29 1 1
github.com/andreiOpran/licenta/operational-node/internal/services/auth_service.go:205.29,207.3 1 0
github.com/andreiOpran/licenta/operational-node/internal/services/auth_service.go:209.2,210.16 2 1
github.com/andreiOpran/licenta/operational-node/internal/services/auth_service.go:210.16,212.3 1 0
github.com/andreiOpran/licenta/operational-node/internal/services/auth_service.go:215.2,216.12 2 1
github.com/andreiOpran/licenta/operational-node/internal/services/auth_service.go:216.12,218.3 1 0
github.com/andreiOpran/licenta/operational-node/internal/services/auth_service.go:221.2,222.16 2 1
github.com/andreiOpran/licenta/operational-node/internal/services/auth_service.go:222.16,224.3 1 0
github.com/andreiOpran/licenta/operational-node/internal/services/auth_service.go:227.2,236.59 2 1
github.com/andreiOpran/licenta/operational-node/internal/services/auth_service.go:236.59,238.3 1 0
github.com/andreiOpran/licenta/operational-node/internal/services/auth_service.go:240.2,240.39 1 1
github.com/andreiOpran/licenta/operational-node/internal/services/auth_service.go:243.105,246.16 2 1
github.com/andreiOpran/licenta/operational-node/internal/services/auth_service.go:246.16,248.3 1 1
github.com/andreiOpran/licenta/operational-node/internal/services/auth_service.go:250.2,254.20 2 1
github.com/andreiOpran/licenta/operational-node/internal/services/auth_service.go:254.20,257.3 2 1
github.com/andreiOpran/licenta/operational-node/internal/services/auth_service.go:260.2,260.41 1 1
github.com/andreiOpran/licenta/operational-node/internal/services/auth_service.go:260.41,264.3 2 0
github.com/andreiOpran/licenta/operational-node/internal/services/auth_service.go:267.2,269.37 2 1
github.com/andreiOpran/licenta/operational-node/internal/services/auth_service.go:269.37,271.3 1 0
github.com/andreiOpran/licenta/operational-node/internal/services/auth_service.go:274.2,275.16 2 1
github.com/andreiOpran/licenta/operational-node/internal/services/auth_service.go:275.16,277.3 1 0
github.com/andreiOpran/licenta/operational-node/internal/services/auth_service.go:280.2,289.16 4 1
github.com/andreiOpran/licenta/operational-node/internal/services/auth_service.go:289.16,291.3 1 0
github.com/andreiOpran/licenta/operational-node/internal/services/auth_service.go:294.2,304.62 2 1
github.com/andreiOpran/licenta/operational-node/internal/services/auth_service.go:304.62,306.3 1 0
github.com/andreiOpran/licenta/operational-node/internal/services/auth_service.go:308.2,308.45 1 1
github.com/andreiOpran/licenta/operational-node/internal/services/auth_service.go:311.61,317.2 2 1
github.com/andreiOpran/licenta/operational-node/internal/services/auth_service.go:319.58,329.16 5 1
github.com/andreiOpran/licenta/operational-node/internal/services/auth_service.go:329.16,331.3 1 0
github.com/andreiOpran/licenta/operational-node/internal/services/auth_service.go:333.2,333.40 1 1
github.com/andreiOpran/licenta/operational-node/internal/services/auth_service.go:333.40,342.68 2 1
github.com/andreiOpran/licenta/operational-node/internal/services/auth_service.go:342.68,348.22 4 1
github.com/andreiOpran/licenta/operational-node/internal/services/auth_service.go:348.22,350.15 1 1
github.com/andreiOpran/licenta/operational-node/internal/services/auth_service.go:350.15,352.6 1 1
github.com/andreiOpran/licenta/operational-node/internal/services/auth_service.go:359.2,366.26 4 1
github.com/andreiOpran/licenta/operational-node/internal/services/auth_service.go:366.26,369.3 1 1
github.com/andreiOpran/licenta/operational-node/internal/services/auth_service.go:369.8,372.3 1 0
github.com/andreiOpran/licenta/operational-node/internal/services/auth_service.go:374.2,374.12 1 1
github.com/andreiOpran/licenta/operational-node/internal/services/auth_service.go:377.73,380.16 2 1
github.com/andreiOpran/licenta/operational-node/internal/services/auth_service.go:380.16,382.3 1 0
github.com/andreiOpran/licenta/operational-node/internal/services/auth_service.go:385.2,385.45 1 1
github.com/andreiOpran/licenta/operational-node/internal/services/auth_service.go:385.45,389.3 2 0
github.com/andreiOpran/licenta/operational-node/internal/services/auth_service.go:392.2,393.16 2 1
github.com/andreiOpran/licenta/operational-node/internal/services/auth_service.go:393.16,395.3 1 0
github.com/andreiOpran/licenta/operational-node/internal/services/auth_service.go:398.2,398.111 1 1
github.com/andreiOpran/licenta/operational-node/internal/services/auth_service.go:398.111,400.3 1 0
github.com/andreiOpran/licenta/operational-node/internal/services/auth_service.go:402.2,402.12 1 1
github.com/andreiOpran/licenta/operational-node/internal/services/security_service.go:24.79,28.2 1 1
github.com/andreiOpran/licenta/operational-node/internal/services/security_service.go:30.81,32.16 2 1
github.com/andreiOpran/licenta/operational-node/internal/services/security_service.go:32.16,34.3 1 1
github.com/andreiOpran/licenta/operational-node/internal/services/security_service.go:36.2,36.28 1 1
github.com/andreiOpran/licenta/operational-node/internal/services/security_service.go:36.28,38.3 1 1
github.com/andreiOpran/licenta/operational-node/internal/services/security_service.go:41.2,45.16 2 1
github.com/andreiOpran/licenta/operational-node/internal/services/security_service.go:45.16,47.3 1 0
github.com/andreiOpran/licenta/operational-node/internal/services/security_service.go:49.2,50.16 2 1
github.com/andreiOpran/licenta/operational-node/internal/services/security_service.go:50.16,52.3 1 0
github.com/andreiOpran/licenta/operational-node/internal/services/security_service.go:54.2,60.16 5 1
github.com/andreiOpran/licenta/operational-node/internal/services/security_service.go:60.16,62.3 1 0
github.com/andreiOpran/licenta/operational-node/internal/services/security_service.go:64.2,67.48 3 1
github.com/andreiOpran/licenta/operational-node/internal/services/security_service.go:70.70,72.16 2 1
github.com/andreiOpran/licenta/operational-node/internal/services/security_service.go:72.16,74.3 1 1
github.com/andreiOpran/licenta/operational-node/internal/services/security_service.go:76.2,76.28 1 1
github.com/andreiOpran/licenta/operational-node/internal/services/security_service.go:76.28,78.3 1 0
github.com/andreiOpran/licenta/operational-node/internal/services/security_service.go:80.2,81.16 2 1
github.com/andreiOpran/licenta/operational-node/internal/services/security_service.go:81.16,83.3 1 0
github.com/andreiOpran/licenta/operational-node/internal/services/security_service.go:86.2,87.12 2 1
github.com/andreiOpran/licenta/operational-node/internal/services/security_service.go:87.12,89.3 1 1
github.com/andreiOpran/licenta/operational-node/internal/services/security_service.go:91.2,94.12 3 1
github.com/andreiOpran/licenta/operational-node/internal/services/user_service.go:18.71,22.2 1 1
github.com/andreiOpran/licenta/operational-node/internal/services/user_service.go:24.73,26.16 2 1
github.com/andreiOpran/licenta/operational-node/internal/services/user_service.go:26.16,28.3 1 1
github.com/andreiOpran/licenta/operational-node/internal/services/user_service.go:29.2,29.18 1 1
github.com/andreiOpran/licenta/operational-node/internal/services/user_service.go:32.93,34.16 2 1
github.com/andreiOpran/licenta/operational-node/internal/services/user_service.go:34.16,36.3 1 1
github.com/andreiOpran/licenta/operational-node/internal/services/user_service.go:39.2,43.46 3 1
github.com/andreiOpran/licenta/operational-node/internal/services/user_service.go:43.46,45.3 1 0
github.com/andreiOpran/licenta/operational-node/internal/services/user_service.go:47.2,47.12 1 1
github.com/andreiOpran/licenta/operational-node/internal/services/user_service.go:50.82,52.68 1 1
github.com/andreiOpran/licenta/operational-node/internal/services/user_service.go:52.68,54.3 1 0
github.com/andreiOpran/licenta/operational-node/internal/services/user_service.go:57.2,58.16 2 1
github.com/andreiOpran/licenta/operational-node/internal/services/user_service.go:58.16,60.3 1 0
github.com/andreiOpran/licenta/operational-node/internal/services/user_service.go:62.2,62.28 1 1
